ffmpeg started on 2023-11-28 at 23:11:48
Report written to "ffmpeg-20231128-231148.log"
Log level: 48
Command line:
ffmpeg -r 10 -i "_tmp%07d.png" -vframes 20 -vcodec h264 -pix_fmt yuv420p -report -metadata "artist=HazyResearch" -y animations/HeLaS3.H2-0.E1-1.S1-1.lr5.0.ep1000.seed0.mp4
ffmpeg version 4.4 Copyright (c) 2000-2021 the FFmpeg developers
  built with Apple clang version 12.0.0 (clang-1200.0.32.29)
  configuration: --prefix=/usr/local/Cellar/ffmpeg/4.4_1 --enable-shared --enable-pthreads --enable-version3 --enable-avresample --cc=clang --host-cflags= --host-ldflags= --enable-ffplay --enable-gnutls --enable-gpl --enable-libaom --enable-libbluray --enable-libdav1d --enable-libmp3lame --enable-libopus --enable-librav1e --enable-librubberband --enable-libsnappy --enable-libsrt --enable-libtesseract --enable-libtheora --enable-libvidstab --enable-libvorbis --enable-libvpx --enable-libwebp --enable-libx264 --enable-libx265 --enable-libxml2 --enable-libxvid --enable-lzma --enable-libfontconfig --enable-libfreetype --enable-frei0r --enable-libass --enable-libopencore-amrnb --enable-libopencore-amrwb --enable-libopenjpeg --enable-libspeex --enable-libsoxr --enable-libzmq --enable-libzimg --disable-libjack --disable-indev=jack --enable-videotoolbox
  libavutil      56. 70.100 / 56. 70.100
  libavcodec     58.134.100 / 58.134.100
  libavformat    58. 76.100 / 58. 76.100
  libavdevice    58. 13.100 / 58. 13.100
  libavfilter     7.110.100 /  7.110.100
  libavresample   4.  0.  0 /  4.  0.  0
  libswscale      5.  9.100 /  5.  9.100
  libswresample   3.  9.100 /  3.  9.100
  libpostproc    55.  9.100 / 55.  9.100
Splitting the commandline.
Reading option '-r' ... matched as option 'r' (set frame rate (Hz value, fraction or abbreviation)) with argument '10'.
Reading option '-i' ... matched as input url with argument '_tmp%07d.png'.
Reading option '-vframes' ... matched as option 'vframes' (set the number of video frames to output) with argument '20'.
Reading option '-vcodec' ... matched as option 'vcodec' (force video codec ('copy' to copy stream)) with argument 'h264'.
Reading option '-pix_fmt' ... matched as option 'pix_fmt' (set pixel format) with argument 'yuv420p'.
Reading option '-report' ... matched as option 'report' (generate a report) with argument '1'.
Reading option '-metadata' ... matched as option 'metadata' (add metadata) with argument 'artist=HazyResearch'.
Reading option '-y' ... matched as option 'y' (overwrite output files) with argument '1'.
Reading option 'animations/HeLaS3.H2-0.E1-1.S1-1.lr5.0.ep1000.seed0.mp4' ... matched as output url.
Finished splitting the commandline.
Parsing a group of options: global .
Applying option report (generate a report) with argument 1.
Applying option y (overwrite output files) with argument 1.
Successfully parsed a group of options.
Parsing a group of options: input url _tmp%07d.png.
Applying option r (set frame rate (Hz value, fraction or abbreviation)) with argument 10.
Successfully parsed a group of options.
Opening an input file: _tmp%07d.png.
[image2 @ 0x7fce0b00f000] Opening '_tmp0000000.png' for reading
[file @ 0x7fce08f056c0] Setting default whitelist 'file,crypto,data'
[AVIOContext @ 0x7fce08f05840] Statistics: 101675 bytes read, 0 seeks
[image2 @ 0x7fce0b00f000] Opening '_tmp0000001.png' for reading
[file @ 0x7fce08f05840] Setting default whitelist 'file,crypto,data'
[AVIOContext @ 0x7fce08f05a00] Statistics: 133291 bytes read, 0 seeks
[image2 @ 0x7fce0b00f000] Opening '_tmp0000002.png' for reading
[file @ 0x7fce08f05900] Setting default whitelist 'file,crypto,data'
[AVIOContext @ 0x7fce08f05a00] Statistics: 146797 bytes read, 0 seeks
[image2 @ 0x7fce0b00f000] Opening '_tmp0000003.png' for reading
[file @ 0x7fce08f05a00] Setting default whitelist 'file,crypto,data'
[AVIOContext @ 0x7fce08f05c00] Statistics: 147429 bytes read, 0 seeks
[image2 @ 0x7fce0b00f000] Opening '_tmp0000004.png' for reading
[file @ 0x7fce08f05a80] Setting default whitelist 'file,crypto,data'
[AVIOContext @ 0x7fce08f05c00] Statistics: 141035 bytes read, 0 seeks
[image2 @ 0x7fce0b00f000] Opening '_tmp0000005.png' for reading
[file @ 0x7fce08f05c00] Setting default whitelist 'file,crypto,data'
[AVIOContext @ 0x7fce08f05d80] Statistics: 137800 bytes read, 0 seeks
[image2 @ 0x7fce0b00f000] Opening '_tmp0000006.png' for reading
[file @ 0x7fce08f05d80] Setting default whitelist 'file,crypto,data'
[AVIOContext @ 0x7fce08f05e00] Statistics: 136372 bytes read, 0 seeks
[image2 @ 0x7fce0b00f000] Opening '_tmp0000007.png' for reading
[file @ 0x7fce08f05e00] Setting default whitelist 'file,crypto,data'
[AVIOContext @ 0x7fce08f05f80] Statistics: 135369 bytes read, 0 seeks
[image2 @ 0x7fce0b00f000] Opening '_tmp0000008.png' for reading
[file @ 0x7fce08f06000] Setting default whitelist 'file,crypto,data'
[AVIOContext @ 0x7fce08f06080] Statistics: 133474 bytes read, 0 seeks
[image2 @ 0x7fce0b00f000] Opening '_tmp0000009.png' for reading
[file @ 0x7fce098296c0] Setting default whitelist 'file,crypto,data'
[AVIOContext @ 0x7fce09829780] Statistics: 132975 bytes read, 0 seeks
[image2 @ 0x7fce0b00f000] Opening '_tmp0000010.png' for reading
[file @ 0x7fce08f06080] Setting default whitelist 'file,crypto,data'
[AVIOContext @ 0x7fce08f06100] Statistics: 131547 bytes read, 0 seeks
[image2 @ 0x7fce0b00f000] Opening '_tmp0000011.png' for reading
[file @ 0x7fce09905d00] Setting default whitelist 'file,crypto,data'
[AVIOContext @ 0x7fce09905e00] Statistics: 132238 bytes read, 0 seeks
[image2 @ 0x7fce0b00f000] Opening '_tmp0000012.png' for reading
[file @ 0x7fce08f06100] Setting default whitelist 'file,crypto,data'
[AVIOContext @ 0x7fce08f06280] Statistics: 130552 bytes read, 0 seeks
[image2 @ 0x7fce0b00f000] Opening '_tmp0000013.png' for reading
[file @ 0x7fce098297c0] Setting default whitelist 'file,crypto,data'
[AVIOContext @ 0x7fce09829980] Statistics: 131881 bytes read, 0 seeks
[image2 @ 0x7fce0b00f000] Opening '_tmp0000014.png' for reading
[file @ 0x7fce08f06280] Setting default whitelist 'file,crypto,data'
[AVIOContext @ 0x7fce08f06300] Statistics: 130712 bytes read, 0 seeks
[image2 @ 0x7fce0b00f000] Opening '_tmp0000015.png' for reading
[file @ 0x7fce08f06300] Setting default whitelist 'file,crypto,data'
[AVIOContext @ 0x7fce08f06480] Statistics: 132294 bytes read, 0 seeks
[image2 @ 0x7fce0b00f000] Opening '_tmp0000016.png' for reading
[file @ 0x7fce09b07f40] Setting default whitelist 'file,crypto,data'
[AVIOContext @ 0x7fce09b08000] Statistics: 130183 bytes read, 0 seeks
[image2 @ 0x7fce0b00f000] Opening '_tmp0000017.png' for reading
[file @ 0x7fce08f06500] Setting default whitelist 'file,crypto,data'
[AVIOContext @ 0x7fce08f06580] Statistics: 129873 bytes read, 0 seeks
[image2 @ 0x7fce0b00f000] Opening '_tmp0000018.png' for reading
[file @ 0x7fce08f06580] Setting default whitelist 'file,crypto,data'
[AVIOContext @ 0x7fce08f06600] Statistics: 129597 bytes read, 0 seeks
[image2 @ 0x7fce0b00f000] Opening '_tmp0000019.png' for reading
[file @ 0x7fce08f06600] Setting default whitelist 'file,crypto,data'
[AVIOContext @ 0x7fce08f06780] Statistics: 131136 bytes read, 0 seeks
Input #0, image2, from '_tmp%07d.png':
  Duration: 00:00:00.80, start: 0.000000, bitrate: N/A
  Stream #0:0, 20, 1/25: Video: png, rgba(pc), 1080x1080 [SAR 4251:4251 DAR 1:1], 25 fps, 25 tbr, 25 tbn, 25 tbc
Successfully opened the file.
Parsing a group of options: output url animations/HeLaS3.H2-0.E1-1.S1-1.lr5.0.ep1000.seed0.mp4.
Applying option vframes (set the number of video frames to output) with argument 20.
Applying option vcodec (force video codec ('copy' to copy stream)) with argument h264.
Applying option pix_fmt (set pixel format) with argument yuv420p.
Applying option metadata (add metadata) with argument artist=HazyResearch.
Successfully parsed a group of options.
Opening an output file: animations/HeLaS3.H2-0.E1-1.S1-1.lr5.0.ep1000.seed0.mp4.
Matched encoder 'libx264' for codec 'h264'.
[file @ 0x7fce09907140] Setting default whitelist 'file,crypto,data'
Successfully opened the file.
detected 8 logical cores
Stream mapping:
  Stream #0:0 -> #0:0 (png (native) -> h264 (libx264))
Press [q] to stop, [?] for help
cur_dts is invalid st:0 (0) [init:0 i_done:0 finish:0] (this is harmless if it occurs once at the start per stream)
cur_dts is invalid st:0 (0) [init:0 i_done:0 finish:0] (this is harmless if it occurs once at the start per stream)
cur_dts is invalid st:0 (0) [init:0 i_done:0 finish:0] (this is harmless if it occurs once at the start per stream)
cur_dts is invalid st:0 (0) [init:0 i_done:0 finish:0] (this is harmless if it occurs once at the start per stream)
cur_dts is invalid st:0 (0) [init:0 i_done:0 finish:0] (this is harmless if it occurs once at the start per stream)
cur_dts is invalid st:0 (0) [init:0 i_done:0 finish:0] (this is harmless if it occurs once at the start per stream)
cur_dts is invalid st:0 (0) [init:0 i_done:0 finish:0] (this is harmless if it occurs once at the start per stream)
cur_dts is invalid st:0 (0) [init:0 i_done:0 finish:0] (this is harmless if it occurs once at the start per stream)
cur_dts is invalid st:0 (0) [init:0 i_done:0 finish:0] (this is harmless if it occurs once at the start per stream)
[graph 0 input from stream 0:0 @ 0x7fce0990e300] Setting 'video_size' to value '1080x1080'
[graph 0 input from stream 0:0 @ 0x7fce0990e300] Setting 'pix_fmt' to value '26'
[graph 0 input from stream 0:0 @ 0x7fce0990e300] Setting 'time_base' to value '1/10'
[graph 0 input from stream 0:0 @ 0x7fce0990e300] Setting 'pixel_aspect' to value '4251/4251'
[graph 0 input from stream 0:0 @ 0x7fce0990e300] Setting 'frame_rate' to value '10/1'
[graph 0 input from stream 0:0 @ 0x7fce0990e300] w:1080 h:1080 pixfmt:rgba tb:1/10 fr:10/1 sar:4251/4251
[format @ 0x7fce09f04140] Setting 'pix_fmts' to value 'yuv420p'
[auto_scaler_0 @ 0x7fce09b08380] Setting 'flags' to value 'bicubic'
[auto_scaler_0 @ 0x7fce09b08380] w:iw h:ih flags:'bicubic' interl:0
[format @ 0x7fce09f04140] auto-inserting filter 'auto_scaler_0' between the filter 'Parsed_null_0' and the filter 'format'
[AVFilterGraph @ 0x7fce09b08280] query_formats: 4 queried, 2 merged, 1 already done, 0 delayed
[auto_scaler_0 @ 0x7fce09b08380] w:1080 h:1080 fmt:rgba sar:4251/4251 -> w:1080 h:1080 fmt:yuv420p sar:1/1 flags:0x4
[libx264 @ 0x7fce0a80ca00] using mv_range_thread = 40
[libx264 @ 0x7fce0a80ca00] using SAR=1/1
[libx264 @ 0x7fce0a80ca00] using cpu capabilities: MMX2 SSE2Fast SSSE3 SSE4.2 AVX FMA3 BMI2 AVX2
[libx264 @ 0x7fce0a80ca00] profile High, level 3.2, 4:2:0, 8-bit
[libx264 @ 0x7fce0a80ca00] 264 - core 161 r3049 55d517b - H.264/MPEG-4 AVC codec - Copyleft 2003-2021 - http://www.videolan.org/x264.html - options: cabac=1 ref=3 deblock=1:0:0 analyse=0x3:0x113 me=hex subme=7 psy=1 psy_rd=1.00:0.00 mixed_ref=1 me_range=16 chroma_me=1 trellis=1 8x8dct=1 cqm=0 deadzone=21,11 fast_pskip=1 chroma_qp_offset=-2 threads=12 lookahead_threads=2 sliced_threads=0 nr=0 decimate=1 interlaced=0 bluray_compat=0 constrained_intra=0 bframes=3 b_pyramid=2 b_adapt=1 b_bias=0 direct=1 weightb=1 open_gop=0 weightp=2 keyint=250 keyint_min=10 scenecut=40 intra_refresh=0 rc_lookahead=40 rc=crf mbtree=1 crf=23.0 qcomp=0.60 qpmin=0 qpmax=69 qpstep=4 ip_ratio=1.40 aq=1:1.00
Output #0, mp4, to 'animations/HeLaS3.H2-0.E1-1.S1-1.lr5.0.ep1000.seed0.mp4':
  Metadata:
    artist          : HazyResearch
    encoder         : Lavf58.76.100
  Stream #0:0, 0, 1/10240: Video: h264 (avc1 / 0x31637661), yuv420p(tv, progressive), 1080x1080 [SAR 1:1 DAR 1:1], q=2-31, 10 fps, 10240 tbn
    Metadata:
      encoder         : Lavc58.134.100 libx264
    Side data:
      cpb: bitrate max/min/avg: 0/0/0 buffer size: 0 vbv_delay: N/A
Clipping frame in rate conversion by 0.000008
frame=    1 fps=0.0 q=0.0 size=       0kB time=00:00:00.00 bitrate=N/A speed=   0x    cur_dts is invalid st:0 (0) [init:1 i_done:0 finish:0] (this is harmless if it occurs once at the start per stream)
cur_dts is invalid st:0 (0) [init:1 i_done:0 finish:0] (this is harmless if it occurs once at the start per stream)
cur_dts is invalid st:0 (0) [init:1 i_done:0 finish:0] (this is harmless if it occurs once at the start per stream)
cur_dts is invalid st:0 (0) [init:1 i_done:0 finish:0] (this is harmless if it occurs once at the start per stream)
cur_dts is invalid st:0 (0) [init:1 i_done:0 finish:0] (this is harmless if it occurs once at the start per stream)
cur_dts is invalid st:0 (0) [init:1 i_done:0 finish:0] (this is harmless if it occurs once at the start per stream)
cur_dts is invalid st:0 (0) [init:1 i_done:0 finish:0] (this is harmless if it occurs once at the start per stream)
cur_dts is invalid st:0 (0) [init:1 i_done:0 finish:0] (this is harmless if it occurs once at the start per stream)
cur_dts is invalid st:0 (0) [init:1 i_done:0 finish:0] (this is harmless if it occurs once at the start per stream)
cur_dts is invalid st:0 (0) [init:1 i_done:0 finish:0] (this is harmless if it occurs once at the start per stream)
cur_dts is invalid st:0 (0) [init:1 i_done:0 finish:0] (this is harmless if it occurs once at the start per stream)
cur_dts is invalid st:0 (0) [init:1 i_done:0 finish:0] (this is harmless if it occurs once at the start per stream)
cur_dts is invalid st:0 (0) [init:1 i_done:0 finish:0] (this is harmless if it occurs once at the start per stream)
cur_dts is invalid st:0 (0) [init:1 i_done:0 finish:0] (this is harmless if it occurs once at the start per stream)
cur_dts is invalid st:0 (0) [init:1 i_done:0 finish:0] (this is harmless if it occurs once at the start per stream)
cur_dts is invalid st:0 (0) [init:1 i_done:0 finish:0] (this is harmless if it occurs once at the start per stream)
cur_dts is invalid st:0 (0) [init:1 i_done:0 finish:0] (this is harmless if it occurs once at the start per stream)
cur_dts is invalid st:0 (0) [init:1 i_done:0 finish:0] (this is harmless if it occurs once at the start per stream)
cur_dts is invalid st:0 (0) [init:1 i_done:0 finish:0] (this is harmless if it occurs once at the start per stream)
No more output streams to write to, finishing.
[libx264 @ 0x7fce0a80ca00] frame=   0 QP=18.10 NAL=3 Slice:I Poc:0   I:4624 P:0    SKIP:0    size=21712 bytes
[libx264 @ 0x7fce0a80ca00] frame=   1 QP=23.39 NAL=2 Slice:P Poc:8   I:474  P:77   SKIP:4073 size=26351 bytes
[libx264 @ 0x7fce0a80ca00] frame=   2 QP=26.07 NAL=2 Slice:B Poc:4   I:305  P:293  SKIP:4026 size=24972 bytes
[libx264 @ 0x7fce0a80ca00] frame=   3 QP=27.09 NAL=0 Slice:B Poc:2   I:220  P:343  SKIP:4061 size=19982 bytes
[libx264 @ 0x7fce0a80ca00] frame=   4 QP=27.12 NAL=0 Slice:B Poc:6   I:176  P:403  SKIP:4045 size=21797 bytes
[libx264 @ 0x7fce0a80ca00] frame=   5 QP=22.78 NAL=2 Slice:P Poc:16  I:333  P:237  SKIP:4054 size=21754 bytes
[libx264 @ 0x7fce0a80ca00] frame=   6 QP=25.95 NAL=2 Slice:B Poc:12  I:119  P:412  SKIP:4093 size=19487 bytes
[libx264 @ 0x7fce0a80ca00] frame=   7 QP=24.09 NAL=0 Slice:B Poc:10  I:131  P:407  SKIP:4086 size=18127 bytes
[libx264 @ 0x7fce0a80ca00] frame=   8 QP=27.24 NAL=0 Slice:B Poc:14  I:110  P:398  SKIP:4116 size=16258 bytes
[libx264 @ 0x7fce0a80ca00] frame=   9 QP=23.22 NAL=2 Slice:P Poc:24  I:234  P:232  SKIP:4158 size=20220 bytes
[libx264 @ 0x7fce0a80ca00] frame=  10 QP=23.71 NAL=2 Slice:B Poc:20  I:86   P:381  SKIP:4157 size=16092 bytes
[libx264 @ 0x7fce0a80ca00] frame=  11 QP=27.88 NAL=0 Slice:B Poc:18  I:63   P:398  SKIP:4163 size=13404 bytes
[libx264 @ 0x7fce0a80ca00] frame=  12 QP=27.83 NAL=0 Slice:B Poc:22  I:52   P:381  SKIP:4191 size=12920 bytes
[libx264 @ 0x7fce0a80ca00] frame=  13 QP=21.04 NAL=2 Slice:P Poc:32  I:190  P:232  SKIP:4202 size=17812 bytes
[libx264 @ 0x7fce0a80ca00] frame=  14 QP=23.64 NAL=2 Slice:B Poc:28  I:41   P:394  SKIP:4189 size=14049 bytes
[libx264 @ 0x7fce0a80ca00] frame=  15 QP=28.00 NAL=0 Slice:B Poc:26  I:46   P:369  SKIP:4209 size=11521 bytes
[libx264 @ 0x7fce0a80ca00] frame=  16 QP=27.90 NAL=0 Slice:B Poc:30  I:30   P:378  SKIP:4216 size=10218 bytes
[libx264 @ 0x7fce0a80ca00] frame=  17 QP=27.32 NAL=2 Slice:P Poc:38  I:76   P:306  SKIP:4242 size=12932 bytes
[libx264 @ 0x7fce0a80ca00] frame=  18 QP=27.17 NAL=2 Slice:B Poc:34  I:19   P:391  SKIP:4214 size=10023 bytes
[libx264 @ 0x7fce0a80ca00] frame=  19 QP=24.72 NAL=0 Slice:B Poc:36  I:20   P:391  SKIP:4213 size=8397 bytes
frame=   20 fps=0.0 q=-1.0 Lsize=     332kB time=00:00:01.70 bitrate=1599.3kbits/s speed=5.19x    
video:331kB audio:0kB subtitle:0kB other streams:0kB global headers:0kB muxing overhead: 0.338335%
Input file #0 (_tmp%07d.png):
  Input stream #0:0 (video): 20 packets read (2656230 bytes); 20 frames decoded; 
  Total: 20 packets (2656230 bytes) demuxed
Output file #0 (animations/HeLaS3.H2-0.E1-1.S1-1.lr5.0.ep1000.seed0.mp4):
  Output stream #0:0 (video): 20 frames encoded; 20 packets muxed (338718 bytes); 
  Total: 20 packets (338718 bytes) muxed
20 frames successfully decoded, 0 decoding errors
[AVIOContext @ 0x7fce09907300] Statistics: 2 seeks, 5 writeouts
[libx264 @ 0x7fce0a80ca00] frame I:1     Avg QP:18.10  size: 21712
[libx264 @ 0x7fce0a80ca00] frame P:5     Avg QP:23.55  size: 19814
[libx264 @ 0x7fce0a80ca00] frame B:14    Avg QP:26.31  size: 15518
[libx264 @ 0x7fce0a80ca00] consecutive B-frames:  5.0%  0.0% 15.0% 80.0%
[libx264 @ 0x7fce0a80ca00] mb I  I16..4: 37.2% 53.4%  9.4%
[libx264 @ 0x7fce0a80ca00] mb P  I16..4:  0.3%  1.2%  4.1%  P16..4:  1.7%  1.7%  1.3%  0.0%  0.0%    skip:89.7%
[libx264 @ 0x7fce0a80ca00] mb B  I16..4:  0.1%  0.3%  1.8%  B16..8:  3.4%  2.7%  1.7%  direct: 0.5%  skip:89.6%  L0:44.2% L1:40.5% BI:15.2%
[libx264 @ 0x7fce0a80ca00] 8x8 transform intra:40.1% inter:6.8%
[libx264 @ 0x7fce0a80ca00] coded y,uvDC,uvAC intra: 27.8% 23.8% 22.7% inter: 3.1% 2.8% 2.7%
[libx264 @ 0x7fce0a80ca00] i16 v,h,dc,p: 87%  8%  5%  0%
[libx264 @ 0x7fce0a80ca00] i8 v,h,dc,ddl,ddr,vr,hd,vl,hu: 67%  5% 26%  0%  0%  0%  0%  0%  0%
[libx264 @ 0x7fce0a80ca00] i4 v,h,dc,ddl,ddr,vr,hd,vl,hu: 23% 18% 23%  6%  6%  6%  6%  6%  6%
[libx264 @ 0x7fce0a80ca00] i8c dc,h,v,p: 86%  6%  5%  2%
[libx264 @ 0x7fce0a80ca00] Weighted P-Frames: Y:0.0% UV:0.0%
[libx264 @ 0x7fce0a80ca00] ref P L0: 57.4%  8.4% 18.1% 16.1%
[libx264 @ 0x7fce0a80ca00] ref B L0: 78.6% 16.5%  4.9%
[libx264 @ 0x7fce0a80ca00] ref B L1: 92.4%  7.6%
[libx264 @ 0x7fce0a80ca00] kb/s:1352.11
